Determining if the pthread_create exist failed with the following output:
Change Dir: /home/andy/Desktop/project_squelette/src/cmakebuild/CMakeFiles/CMakeTmp

Run Build Command:"/usr/bin/make" "cmTC_ee9b8/fast"
/usr/bin/make -f CMakeFiles/cmTC_ee9b8.dir/build.make CMakeFiles/cmTC_ee9b8.dir/build
make[1]: Entering directory '/home/andy/Desktop/project_squelette/src/cmakebuild/CMakeFiles/CMakeTmp'
Building C object CMakeFiles/cmTC_ee9b8.dir/CheckSymbolExists.c.o
/usr/bin/cc     -o CMakeFiles/cmTC_ee9b8.dir/CheckSymbolExists.c.o   -c /home/andy/Desktop/project_squelette/src/cmakebuild/CMakeFiles/CMakeTmp/CheckSymbolExists.c
Linking C executable cmTC_ee9b8
/usr/bin/cmake -E cmake_link_script CMakeFiles/cmTC_ee9b8.dir/link.txt --verbose=1
/usr/bin/cc       CMakeFiles/cmTC_ee9b8.dir/CheckSymbolExists.c.o  -o cmTC_ee9b8 -rdynamic 
CMakeFiles/cmTC_ee9b8.dir/CheckSymbolExists.c.o: In function `main':
CheckSymbolExists.c:(.text+0x1b): undefined reference to `pthread_create'
collect2: error: ld returned 1 exit status
CMakeFiles/cmTC_ee9b8.dir/build.make:97: recipe for target 'cmTC_ee9b8' failed
make[1]: *** [cmTC_ee9b8] Error 1
make[1]: Leaving directory '/home/andy/Desktop/project_squelette/src/cmakebuild/CMakeFiles/CMakeTmp'
Makefile:126: recipe for target 'cmTC_ee9b8/fast' failed
make: *** [cmTC_ee9b8/fast] Error 2

File /home/andy/Desktop/project_squelette/src/cmakebuild/CMakeFiles/CMakeTmp/CheckSymbolExists.c:
/* */
#include <pthread.h>

int main(int argc, char** argv)
{
  (void)argv;
#ifndef pthread_create
  return ((int*)(&pthread_create))[argc];
#else
  (void)argc;
  return 0;
#endif
}

Determining if the function pthread_create exists in the pthreads failed with the following output:
Change Dir: /home/andy/Desktop/project_squelette/src/cmakebuild/CMakeFiles/CMakeTmp

Run Build Command:"/usr/bin/make" "cmTC_eb812/fast"
/usr/bin/make -f CMakeFiles/cmTC_eb812.dir/build.make CMakeFiles/cmTC_eb812.dir/build
make[1]: Entering directory '/home/andy/Desktop/project_squelette/src/cmakebuild/CMakeFiles/CMakeTmp'
Building C object CMakeFiles/cmTC_eb812.dir/CheckFunctionExists.c.o
/usr/bin/cc    -DCHECK_FUNCTION_EXISTS=pthread_create   -o CMakeFiles/cmTC_eb812.dir/CheckFunctionExists.c.o   -c /usr/share/cmake-3.7/Modules/CheckFunctionExists.c
Linking C executable cmTC_eb812
/usr/bin/cmake -E cmake_link_script CMakeFiles/cmTC_eb812.dir/link.txt --verbose=1
/usr/bin/cc   -DCHECK_FUNCTION_EXISTS=pthread_create    CMakeFiles/cmTC_eb812.dir/CheckFunctionExists.c.o  -o cmTC_eb812 -rdynamic -lpthreads 
/usr/bin/ld: cannot find -lpthreads
collect2: error: ld returned 1 exit status
CMakeFiles/cmTC_eb812.dir/build.make:97: recipe for target 'cmTC_eb812' failed
make[1]: *** [cmTC_eb812] Error 1
make[1]: Leaving directory '/home/andy/Desktop/project_squelette/src/cmakebuild/CMakeFiles/CMakeTmp'
Makefile:126: recipe for target 'cmTC_eb812/fast' failed
make: *** [cmTC_eb812/fast] Error 2


Determining if the function glXGetProcAddressEXT exists failed with the following output:
Change Dir: /home/andy/Desktop/project_squelette/src/cmakebuild/CMakeFiles/CMakeTmp

Run Build Command:"/usr/bin/make" "cmTC_b927d/fast"
/usr/bin/make -f CMakeFiles/cmTC_b927d.dir/build.make CMakeFiles/cmTC_b927d.dir/build
make[1]: Entering directory '/home/andy/Desktop/project_squelette/src/cmakebuild/CMakeFiles/CMakeTmp'
Building C object CMakeFiles/cmTC_b927d.dir/CheckFunctionExists.c.o
/usr/bin/cc    -DCHECK_FUNCTION_EXISTS=glXGetProcAddressEXT   -o CMakeFiles/cmTC_b927d.dir/CheckFunctionExists.c.o   -c /usr/share/cmake-3.7/Modules/CheckFunctionExists.c
Linking C executable cmTC_b927d
/usr/bin/cmake -E cmake_link_script CMakeFiles/cmTC_b927d.dir/link.txt --verbose=1
/usr/bin/cc   -DCHECK_FUNCTION_EXISTS=glXGetProcAddressEXT    CMakeFiles/cmTC_b927d.dir/CheckFunctionExists.c.o  -o cmTC_b927d -rdynamic /usr/lib/x86_64-linux-gnu/libGL.so 
CMakeFiles/cmTC_b927d.dir/CheckFunctionExists.c.o: In function `main':
CheckFunctionExists.c:(.text+0x15): undefined reference to `glXGetProcAddressEXT'
collect2: error: ld returned 1 exit status
CMakeFiles/cmTC_b927d.dir/build.make:98: recipe for target 'cmTC_b927d' failed
make[1]: *** [cmTC_b927d] Error 1
make[1]: Leaving directory '/home/andy/Desktop/project_squelette/src/cmakebuild/CMakeFiles/CMakeTmp'
Makefile:126: recipe for target 'cmTC_b927d/fast' failed
make: *** [cmTC_b927d/fast] Error 2


